Using pre-set license
Built from '2021.1/staging' branch; Version is '2021.1.11f1 (4d8c25f7477e) revision 5082149'; Using compiler version '192528614'; Build Type 'Release'
OS: 'Windows 10 Home; OS build 19043.1110; Version 2009; 64bit' Language: 'en' Physical Memory: 16315 MB
BatchMode: 1, IsHumanControllingUs: 0, StartBugReporterOnCrash: 0, Is64bit: 1, IsPro: 0

 COMMAND LINE ARGUMENTS:
C:\Program Files\Unity\Hub\Editor\2021.1.11f1\Editor\Unity.exe
-adb2
-batchMode
-noUpm
-name
AssetImportWorker2
-projectPath
J:/Projects/git games/Week1 Workshop/AGL-Week1-Workshop
-logFile
Logs/AssetImportWorker2.log
-srvPort
60381
Successfully changed project path to: J:/Projects/git games/Week1 Workshop/AGL-Week1-Workshop
J:/Projects/git games/Week1 Workshop/AGL-Week1-Workshop
Using Asset Import Pipeline V2.
Refreshing native plugins compatible for Editor in 102.64 ms, found 4 plugins.
Preloading 0 native plugins for Editor in 0.00 ms.
Initialize engine version: 2021.1.11f1 (4d8c25f7477e)
[Subsystems] Discovering subsystems at path C:/Program Files/Unity/Hub/Editor/2021.1.11f1/Editor/Data/Resources/UnitySubsystems
[Subsystems] Discovering subsystems at path J:/Projects/git games/Week1 Workshop/AGL-Week1-Workshop/Assets
GfxDevice: creating device client; threaded=0; jobified=0
Direct3D:
    Version:  Direct3D 11.0 [level 11.1]
    Renderer: NVIDIA GeForce RTX 2080 (ID=0x1e87)
    Vendor:   NVIDIA
    VRAM:     8010 MB
    Driver:   27.21.14.6079
Initialize mono
Mono path[0] = 'C:/Program Files/Unity/Hub/Editor/2021.1.11f1/Editor/Data/Managed'
Mono path[1] = 'C:/Program Files/Unity/Hub/Editor/2021.1.11f1/Editor/Data/MonoBleedingEdge/lib/mono/unityjit'
Mono config path = 'C:/Program Files/Unity/Hub/Editor/2021.1.11f1/Editor/Data/MonoBleedingEdge/etc'
Using monoOptions --debugger-agent=transport=dt_socket,embedding=1,server=y,suspend=n,address=127.0.0.1:56264
Begin MonoManager ReloadAssembly
Registering precompiled unity dll's ...
Register platform support module: C:/Program Files/Unity/Hub/Editor/2021.1.11f1/Editor/Data/PlaybackEngines/WebGLSupport/UnityEditor.WebGL.Extensions.dll
Register platform support module: C:/Program Files/Unity/Hub/Editor/2021.1.11f1/Editor/Data/PlaybackEngines/MacStandaloneSupport/UnityEditor.OSXStandalone.Extensions.dll
Register platform support module: C:/Program Files/Unity/Hub/Editor/2021.1.11f1/Editor/Data/PlaybackEngines/WindowsStandaloneSupport/UnityEditor.WindowsStandalone.Extensions.dll
Register platform support module: C:/Program Files/Unity/Hub/Editor/2021.1.11f1/Editor/Data/PlaybackEngines/LinuxStandaloneSupport/UnityEditor.LinuxStandalone.Extensions.dll
Registered in 0.007482 seconds.
Native extension for LinuxStandalone target not found
Native extension for WindowsStandalone target not found
Native extension for OSXStandalone target not found
Native extension for WebGL target not found
Refreshing native plugins compatible for Editor in 110.66 ms, found 4 plugins.
Preloading 0 native plugins for Editor in 0.00 ms.
Mono: successfully reloaded assembly
- Completed reload, in  1.536 seconds
Domain Reload Profiling:
	ReloadAssembly (1538ms)
		BeginReloadAssembly (57ms)
			ExecutionOrderSort (0ms)
			DisableScriptedObjects (0ms)
			BackupInstance (0ms)
			ReleaseScriptingObjects (0ms)
			CreateAndSetChildDomain (1ms)
		EndReloadAssembly (519ms)
			LoadAssemblies (53ms)
			RebuildTransferFunctionScriptingTraits (0ms)
			SetupTypeCache (177ms)
			ReleaseScriptCaches (0ms)
			RebuildScriptCaches (32ms)
			SetupLoadedEditorAssemblies (257ms)
				LogAssemblyErrors (0ms)
				InitializePlatformSupportModulesInManaged (13ms)
				SetLoadedEditorAssemblies (0ms)
				RefreshPlugins (112ms)
				BeforeProcessingInitializeOnLoad (1ms)
				ProcessInitializeOnLoadAttributes (101ms)
				ProcessInitializeOnLoadMethodAttributes (29ms)
				AfterProcessingInitializeOnLoad (0ms)
				EditorAssembliesLoaded (0ms)
			ExecutionOrderSort2 (0ms)
			AwakeInstancesAfterBackupRestoration (0ms)
Platform modules already initialized, skipping
Registering precompiled user dll's ...
Registered in 0.006614 seconds.
Begin MonoManager ReloadAssembly
Symbol file LoadedFromMemory doesn't match image J:\Projects\git games\Week1 Workshop\AGL-Week1-Workshop\Library\PackageCache\com.unity.visualscripting@1.6.1\Editor\VisualScripting.Core\Dependencies\YamlDotNet\Unity.VisualScripting.YamlDotNet.dll
Symbol file LoadedFromMemory doesn't match image J:\Projects\git games\Week1 Workshop\AGL-Week1-Workshop\Library\PackageCache\com.unity.visualscripting@1.6.1\Editor\VisualScripting.Core\Dependencies\DotNetZip\Unity.VisualScripting.IonicZip.dll
Native extension for LinuxStandalone target not found
Native extension for WindowsStandalone target not found
Native extension for OSXStandalone target not found
Native extension for WebGL target not found
Refreshing native plugins compatible for Editor in 106.78 ms, found 4 plugins.
Preloading 0 native plugins for Editor in 0.00 ms.
Mono: successfully reloaded assembly
- Completed reload, in  1.363 seconds
Domain Reload Profiling:
	ReloadAssembly (1388ms)
		BeginReloadAssembly (177ms)
			ExecutionOrderSort (0ms)
			DisableScriptedObjects (5ms)
			BackupInstance (0ms)
			ReleaseScriptingObjects (0ms)
			CreateAndSetChildDomain (21ms)
		EndReloadAssembly (1144ms)
			LoadAssemblies (124ms)
			RebuildTransferFunctionScriptingTraits (0ms)
			SetupTypeCache (381ms)
			ReleaseScriptCaches (1ms)
			RebuildScriptCaches (53ms)
			SetupLoadedEditorAssemblies (483ms)
				LogAssemblyErrors (0ms)
				InitializePlatformSupportModulesInManaged (11ms)
				SetLoadedEditorAssemblies (0ms)
				RefreshPlugins (108ms)
				BeforeProcessingInitializeOnLoad (94ms)
				ProcessInitializeOnLoadAttributes (240ms)
				ProcessInitializeOnLoadMethodAttributes (19ms)
				AfterProcessingInitializeOnLoad (10ms)
				EditorAssembliesLoaded (0ms)
			ExecutionOrderSort2 (0ms)
			AwakeInstancesAfterBackupRestoration (7ms)
Platform modules already initialized, skipping
========================================================================
Worker process is ready to serve import requests
Launched and connected shader compiler UnityShaderCompiler.exe after 0.09 seconds
Refreshing native plugins compatible for Editor in 0.87 ms, found 4 plugins.
Preloading 0 native plugins for Editor in 0.00 ms.
Unloading 3804 Unused Serialized files (Serialized files now loaded: 0)
System memory in use before: 147.5 MB.
System memory in use after: 147.7 MB.

Unloading 33 unused Assets to reduce memory usage. Loaded Objects now: 4253.
Total: 3.343100 ms (FindLiveObjects: 0.370600 ms CreateObjectMapping: 0.265000 ms MarkObjects: 2.613200 ms  DeleteObjects: 0.092000 ms)

AssetImportParameters requested are different than current active one (requested -> active):
  custom:framework-win-MediaFoundation: 216162199b28c13a410421893ffa2e32 -> 
  custom:video-decoder-ogg-theora: a1e56fd34408186e4bbccfd4996cb3dc -> 
  custom:container-muxer-webm: aa71ff27fc2769a1b78a27578f13a17b -> 
  custom:container-demuxer-webm: 4f35f7cbe854078d1ac9338744f61a02 -> 
  custom:container-demuxer-ogg: 62fdf1f143b41e24485cea50d1cbac27 -> 
  custom:video-encoder-webm-vp8: eb34c28f22e8b96e1ab97ce403110664 -> 
  custom:video-decoder-webm-vp8: 9c59270c3fd7afecdb556c50c9e8de78 -> 
  custom:audio-decoder-ogg-vorbis: bf7c407c2cedff20999df2af8eb42d56 -> 
  custom:audio-encoder-webm-vorbis: bf7c407c2cedff20999df2af8eb42d56 -> 
========================================================================
Received Import Request.
  path: Assets/EffectExamples
  artifactKey: Guid(6c0b056137d972f46a0312ba21b6263f) Importer(815301076,1909f56bfc062723c751e8b465ee728b)
Start importing Assets/EffectExamples using Guid(6c0b056137d972f46a0312ba21b6263f) Importer(815301076,1909f56bfc062723c751e8b465ee728b)  -> (artifact id: '7e556d825938eb81acaf094141267aab') in 0.009940 seconds 
========================================================================
Received Import Request.
  Time since last request: 1398.702070 seconds.
  path: Assets/TextMesh Pro
  artifactKey: Guid(f54d1bd14bd3ca042bd867b519fee8cc) Importer(815301076,1909f56bfc062723c751e8b465ee728b)
Start importing Assets/TextMesh Pro using Guid(f54d1bd14bd3ca042bd867b519fee8cc) Importer(815301076,1909f56bfc062723c751e8b465ee728b)  -> (artifact id: '16b4cbde9565bf190136f1148817e1ea') in 0.004030 seconds 
========================================================================
Received Import Request.
  Time since last request: 6.866123 seconds.
  path: Assets/Scenes
  artifactKey: Guid(131a6b21c8605f84396be9f6751fb6e3) Importer(815301076,1909f56bfc062723c751e8b465ee728b)
Start importing Assets/Scenes using Guid(131a6b21c8605f84396be9f6751fb6e3) Importer(815301076,1909f56bfc062723c751e8b465ee728b)  -> (artifact id: 'df75b7d1a31c5b4f73fd45661b403b04') in 0.004512 seconds 
========================================================================
Received Import Request.
  Time since last request: 2.440330 seconds.
  path: Assets/Textures/Pallets/Ground.prefab
  artifactKey: Guid(f093ee7317d89734b8850c2faaa6e8b3) Importer(815301076,1909f56bfc062723c751e8b465ee728b)
Start importing Assets/Textures/Pallets/Ground.prefab using Guid(f093ee7317d89734b8850c2faaa6e8b3) Importer(815301076,1909f56bfc062723c751e8b465ee728b)  -> (artifact id: 'afd75328cce1b60f406c73d641a0dbcf') in 0.135515 seconds 
========================================================================
Received Import Request.
  Time since last request: 7.397718 seconds.
  path: Assets/Textures/Pallets/shadowmap.png
  artifactKey: Guid(9f73c8700fcecf74996f7b30880323d3) Importer(815301076,1909f56bfc062723c751e8b465ee728b)
Start importing Assets/Textures/Pallets/shadowmap.png using Guid(9f73c8700fcecf74996f7b30880323d3) Importer(815301076,1909f56bfc062723c751e8b465ee728b)  -> (artifact id: '431376ff760090b772d8705bec64e5ee') in 0.157787 seconds 
========================================================================
Received Import Request.
  Time since last request: 44.521113 seconds.
  path: Assets/Textures/Pallets/shadowmap.png
  artifactKey: Guid(9f73c8700fcecf74996f7b30880323d3) Importer(815301076,1909f56bfc062723c751e8b465ee728b)
Start importing Assets/Textures/Pallets/shadowmap.png using Guid(9f73c8700fcecf74996f7b30880323d3) Importer(815301076,1909f56bfc062723c751e8b465ee728b)  -> (artifact id: '7baed4c2b8ae477e0956d4ac3a1d3c66') in 0.033533 seconds 
========================================================================
Received Import Request.
  Time since last request: 6.056151 seconds.
  path: Assets/Textures/Pallets/shadowmap.png
  artifactKey: Guid(9f73c8700fcecf74996f7b30880323d3) Importer(815301076,1909f56bfc062723c751e8b465ee728b)
Start importing Assets/Textures/Pallets/shadowmap.png using Guid(9f73c8700fcecf74996f7b30880323d3) Importer(815301076,1909f56bfc062723c751e8b465ee728b)  -> (artifact id: '8b932acf56f7e1ea2036c8eed8491180') in 0.035685 seconds 
========================================================================
Received Import Request.
  Time since last request: 40.707665 seconds.
  path: Assets/Textures/Pallets/shadowmap.png
  artifactKey: Guid(9f73c8700fcecf74996f7b30880323d3) Importer(815301076,1909f56bfc062723c751e8b465ee728b)
Start importing Assets/Textures/Pallets/shadowmap.png using Guid(9f73c8700fcecf74996f7b30880323d3) Importer(815301076,1909f56bfc062723c751e8b465ee728b)  -> (artifact id: '144e8355c1dab648514312192f98759f') in 0.107479 seconds 
========================================================================
Received Import Request.
  Time since last request: 75.853064 seconds.
  path: Assets/Textures/Pallets/Shadow.prefab
  artifactKey: Guid(ec5f91bd42983cf4787786dfd7558c70) Importer(815301076,1909f56bfc062723c751e8b465ee728b)
Start importing Assets/Textures/Pallets/Shadow.prefab using Guid(ec5f91bd42983cf4787786dfd7558c70) Importer(815301076,1909f56bfc062723c751e8b465ee728b)  -> (artifact id: '6525ae22fe8d83974cf251697df81ec5') in 0.009676 seconds 
========================================================================
Received Import Request.
  Time since last request: 7.761385 seconds.
  path: Assets/Textures/Pallets/Shadow.prefab
  artifactKey: Guid(ec5f91bd42983cf4787786dfd7558c70) Importer(815301076,1909f56bfc062723c751e8b465ee728b)
Start importing Assets/Textures/Pallets/Shadow.prefab using Guid(ec5f91bd42983cf4787786dfd7558c70) Importer(815301076,1909f56bfc062723c751e8b465ee728b)  -> (artifact id: 'ee28f06e2d7af855fb335da65effe0d4') in 0.036227 seconds 
========================================================================
Received Import Request.
  Time since last request: 0.000437 seconds.
  path: Assets/Textures/Pallets/shadowmap_6.asset
  artifactKey: Guid(fdb4b65b673a4ee43af9cde52fb89348) Importer(815301076,1909f56bfc062723c751e8b465ee728b)
Start importing Assets/Textures/Pallets/shadowmap_6.asset using Guid(fdb4b65b673a4ee43af9cde52fb89348) Importer(815301076,1909f56bfc062723c751e8b465ee728b)  -> (artifact id: 'e3ba73df0d5b8d736ce5608549c4458f') in 0.031862 seconds 
========================================================================
Received Import Request.
  Time since last request: 0.000380 seconds.
  path: Assets/Textures/Pallets/shadowmap_8.asset
  artifactKey: Guid(4d1f15fa829f39c40a9f9e240823e248) Importer(815301076,1909f56bfc062723c751e8b465ee728b)
Start importing Assets/Textures/Pallets/shadowmap_8.asset using Guid(4d1f15fa829f39c40a9f9e240823e248) Importer(815301076,1909f56bfc062723c751e8b465ee728b)  -> (artifact id: '07762d3b9d216b70587060cf68684f31') in 0.023182 seconds 
========================================================================
Received Import Request.
  Time since last request: 0.000453 seconds.
  path: Assets/Textures/Pallets/shadowmap_3.asset
  artifactKey: Guid(f3142779e1c795b4fa18a68fbe26f363) Importer(815301076,1909f56bfc062723c751e8b465ee728b)
Start importing Assets/Textures/Pallets/shadowmap_3.asset using Guid(f3142779e1c795b4fa18a68fbe26f363) Importer(815301076,1909f56bfc062723c751e8b465ee728b)  -> (artifact id: '6dcbce02f2a8e68fc727089b4771b9c7') in 0.022301 seconds 
========================================================================
Received Import Request.
  Time since last request: 0.000321 seconds.
  path: Assets/Textures/Pallets/shadowmap_7.asset
  artifactKey: Guid(38956eeaba3bd574e93893ebaebf302b) Importer(815301076,1909f56bfc062723c751e8b465ee728b)
Start importing Assets/Textures/Pallets/shadowmap_7.asset using Guid(38956eeaba3bd574e93893ebaebf302b) Importer(815301076,1909f56bfc062723c751e8b465ee728b)  -> (artifact id: '790aedd64d6ef8bd78da1bb2e1821d04') in 0.020114 seconds 
========================================================================
Received Import Request.
  Time since last request: 0.000379 seconds.
  path: Assets/Textures/Pallets/shadowmap_14.asset
  artifactKey: Guid(f5f98e1fd354d2f4eadae65560ac5b9a) Importer(815301076,1909f56bfc062723c751e8b465ee728b)
Start importing Assets/Textures/Pallets/shadowmap_14.asset using Guid(f5f98e1fd354d2f4eadae65560ac5b9a) Importer(815301076,1909f56bfc062723c751e8b465ee728b)  -> (artifact id: 'fb05809b9be10a6da0c1a39043af4d81') in 0.019390 seconds 
========================================================================
Received Import Request.
  Time since last request: 0.000381 seconds.
  path: Assets/Textures/Pallets/shadowmap_5.asset
  artifactKey: Guid(6f0a2e42c6972fd4e98356dd7c50119f) Importer(815301076,1909f56bfc062723c751e8b465ee728b)
Start importing Assets/Textures/Pallets/shadowmap_5.asset using Guid(6f0a2e42c6972fd4e98356dd7c50119f) Importer(815301076,1909f56bfc062723c751e8b465ee728b)  -> (artifact id: '1bf0215cd87de5d5a49aa0ab6f26ab9f') in 0.023400 seconds 
========================================================================
Received Import Request.
  Time since last request: 0.000291 seconds.
  path: Assets/Textures/Pallets/shadowmap_12.asset
  artifactKey: Guid(c74b25b194f55434e86688a2d2d468dc) Importer(815301076,1909f56bfc062723c751e8b465ee728b)
Start importing Assets/Textures/Pallets/shadowmap_12.asset using Guid(c74b25b194f55434e86688a2d2d468dc) Importer(815301076,1909f56bfc062723c751e8b465ee728b)  -> (artifact id: '8eb41bd9d881147ca24a92fbe0e117d6') in 0.025353 seconds 
========================================================================
Received Import Request.
  Time since last request: 0.000388 seconds.
  path: Assets/Textures/Pallets/shadowmap_2.asset
  artifactKey: Guid(0407ab3b77c2b1a4782e2527b2d3c8f8) Importer(815301076,1909f56bfc062723c751e8b465ee728b)
Start importing Assets/Textures/Pallets/shadowmap_2.asset using Guid(0407ab3b77c2b1a4782e2527b2d3c8f8) Importer(815301076,1909f56bfc062723c751e8b465ee728b)  -> (artifact id: 'f50f4e8eda55ac16ad7e96e1e56a1c58') in 0.023167 seconds 
========================================================================
Received Import Request.
  Time since last request: 0.000520 seconds.
  path: Assets/Textures/Pallets/shadowmap_11.asset
  artifactKey: Guid(81bc8df905b8e9043a2b38fcaabb6336) Importer(815301076,1909f56bfc062723c751e8b465ee728b)
Start importing Assets/Textures/Pallets/shadowmap_11.asset using Guid(81bc8df905b8e9043a2b38fcaabb6336) Importer(815301076,1909f56bfc062723c751e8b465ee728b)  -> (artifact id: '7c51cafaaacf095fd94031141033ad2c') in 0.020209 seconds 
========================================================================
Received Import Request.
  Time since last request: 0.000336 seconds.
  path: Assets/Textures/Pallets/shadowmap_0.asset
  artifactKey: Guid(31ef574fe6961144c99886652d6b8a08) Importer(815301076,1909f56bfc062723c751e8b465ee728b)
Start importing Assets/Textures/Pallets/shadowmap_0.asset using Guid(31ef574fe6961144c99886652d6b8a08) Importer(815301076,1909f56bfc062723c751e8b465ee728b)  -> (artifact id: '63c4238d3996c7e4ebba61248179b103') in 0.022263 seconds 
========================================================================
Received Import Request.
  Time since last request: 0.000383 seconds.
  path: Assets/Textures/Pallets/shadowmap_10.asset
  artifactKey: Guid(b390d0d5f0fae994095b510bf9f35ebb) Importer(815301076,1909f56bfc062723c751e8b465ee728b)
Start importing Assets/Textures/Pallets/shadowmap_10.asset using Guid(b390d0d5f0fae994095b510bf9f35ebb) Importer(815301076,1909f56bfc062723c751e8b465ee728b)  -> (artifact id: 'decacb0d36c57eea0a1f2b92ec06cc8e') in 0.018140 seconds 
========================================================================
Received Import Request.
  Time since last request: 0.000352 seconds.
  path: Assets/Textures/Pallets/shadowmap_4.asset
  artifactKey: Guid(8a8d335b762422d40afa775e1f943a12) Importer(815301076,1909f56bfc062723c751e8b465ee728b)
Start importing Assets/Textures/Pallets/shadowmap_4.asset using Guid(8a8d335b762422d40afa775e1f943a12) Importer(815301076,1909f56bfc062723c751e8b465ee728b)  -> (artifact id: '658b4b3a9bba196a2d773487e44239b4') in 0.022150 seconds 
========================================================================
Received Import Request.
  Time since last request: 0.000395 seconds.
  path: Assets/Textures/Pallets/shadowmap_13.asset
  artifactKey: Guid(d25b021c2e7de0f4dbe49759984dbe0f) Importer(815301076,1909f56bfc062723c751e8b465ee728b)
Start importing Assets/Textures/Pallets/shadowmap_13.asset using Guid(d25b021c2e7de0f4dbe49759984dbe0f) Importer(815301076,1909f56bfc062723c751e8b465ee728b)  -> (artifact id: '8245d02d60e325fe0fd5d8688d3a6f7b') in 0.018772 seconds 
========================================================================
Received Import Request.
  Time since last request: 0.000438 seconds.
  path: Assets/Textures/Pallets/shadowmap_1.asset
  artifactKey: Guid(b1a84c907f19f8e4eb8840cb5679a1ba) Importer(815301076,1909f56bfc062723c751e8b465ee728b)
Start importing Assets/Textures/Pallets/shadowmap_1.asset using Guid(b1a84c907f19f8e4eb8840cb5679a1ba) Importer(815301076,1909f56bfc062723c751e8b465ee728b)  -> (artifact id: '48d2437a072f0d506fc4ebfeacb5a150') in 0.020697 seconds 
========================================================================
Received Import Request.
  Time since last request: 0.000329 seconds.
  path: Assets/Textures/Pallets/shadowmap_9.asset
  artifactKey: Guid(f5e687a66c9854a4f83189a44c913ff8) Importer(815301076,1909f56bfc062723c751e8b465ee728b)
Start importing Assets/Textures/Pallets/shadowmap_9.asset using Guid(f5e687a66c9854a4f83189a44c913ff8) Importer(815301076,1909f56bfc062723c751e8b465ee728b)  -> (artifact id: 'cf5bbcf6e48240e1a2501b0eef9257e1') in 0.018755 seconds 
========================================================================
Received Import Request.
  Time since last request: 261.739415 seconds.
  path: ProjectSettings/TagManager.asset
  artifactKey: Guid(00000000000000003000000000000000) Importer(815301076,1909f56bfc062723c751e8b465ee728b)
Start importing ProjectSettings/TagManager.asset using Guid(00000000000000003000000000000000) Importer(815301076,1909f56bfc062723c751e8b465ee728b)  -> (artifact id: '95df672b4aaba54310d34c83eef51bb8') in 0.005143 seconds 
========================================================================
Received Import Request.
  Time since last request: 192.068276 seconds.
  path: Assets/Textures/Pallets/Shadow.prefab
  artifactKey: Guid(ec5f91bd42983cf4787786dfd7558c70) Importer(815301076,1909f56bfc062723c751e8b465ee728b)
Start importing Assets/Textures/Pallets/Shadow.prefab using Guid(ec5f91bd42983cf4787786dfd7558c70) Importer(815301076,1909f56bfc062723c751e8b465ee728b)  -> (artifact id: '6d8870a1d62c8d6f80758171861977db') in 0.012787 seconds 
========================================================================
Received Import Request.
  Time since last request: 30.424253 seconds.
  path: Assets/Textures/Pallets/Shadow Rule.asset
  artifactKey: Guid(8353ffe008a63dc4ea37cc4e62cc6f43) Importer(815301076,1909f56bfc062723c751e8b465ee728b)
Start importing Assets/Textures/Pallets/Shadow Rule.asset using Guid(8353ffe008a63dc4ea37cc4e62cc6f43) Importer(815301076,1909f56bfc062723c751e8b465ee728b)  -> (artifact id: '48c150bb2b7165372547b859ea8848e9') in 0.048255 seconds 
========================================================================
Received Import Request.
  Time since last request: 37.054705 seconds.
  path: Assets/EffectExamples/FireExplosionEffects/Textures/DebrisParticleSheet.png
  artifactKey: Guid(af1f1b45fa6b5e64894c04ceb8a592f7) Importer(815301076,1909f56bfc062723c751e8b465ee728b)
Start importing Assets/EffectExamples/FireExplosionEffects/Textures/DebrisParticleSheet.png using Guid(af1f1b45fa6b5e64894c04ceb8a592f7) Importer(815301076,1909f56bfc062723c751e8b465ee728b)  -> (artifact id: 'd1d60214e6439a9a1d0a4e37f3d9e4ea') in 0.015064 seconds 
========================================================================
Received Import Request.
  Time since last request: 0.000343 seconds.
  path: Assets/EffectExamples/Misc Effects/Textures/DustMoteParticle.png
  artifactKey: Guid(394e93ce356b57344903a08ff72fcab2) Importer(815301076,1909f56bfc062723c751e8b465ee728b)
Start importing Assets/EffectExamples/Misc Effects/Textures/DustMoteParticle.png using Guid(394e93ce356b57344903a08ff72fcab2) Importer(815301076,1909f56bfc062723c751e8b465ee728b)  -> (artifact id: 'b3e266f16f4ec19405a9d36cdd8098e0') in 0.083926 seconds 
========================================================================
Received Import Request.
  Time since last request: 26.440431 seconds.
  path: Assets/Textures/Pallets/Shadow.prefab
  artifactKey: Guid(ec5f91bd42983cf4787786dfd7558c70) Importer(815301076,1909f56bfc062723c751e8b465ee728b)
Start importing Assets/Textures/Pallets/Shadow.prefab using Guid(ec5f91bd42983cf4787786dfd7558c70) Importer(815301076,1909f56bfc062723c751e8b465ee728b)  -> (artifact id: 'e2265fe13db0a64ca50fb3e23d7a6367') in 0.210020 seconds 
========================================================================
Received Import Request.
  Time since last request: 60.462519 seconds.
  path: Assets/EffectExamples/Shared/Textures/DustPuffSmallParticleSheet.png
  artifactKey: Guid(1c1f5fdffb8c5a944a978e8debb8fdfe) Importer(815301076,1909f56bfc062723c751e8b465ee728b)
Start importing Assets/EffectExamples/Shared/Textures/DustPuffSmallParticleSheet.png using Guid(1c1f5fdffb8c5a944a978e8debb8fdfe) Importer(815301076,1909f56bfc062723c751e8b465ee728b)  -> (artifact id: '608f522398fd85a93efd61492de3f9ae') in 0.023922 seconds 
========================================================================
Received Import Request.
  Time since last request: 427.930529 seconds.
  path: Assets/Textures/torch.png
  artifactKey: Guid(39120f5def8212a4e97a04692652ae67) Importer(815301076,1909f56bfc062723c751e8b465ee728b)
Start importing Assets/Textures/torch.png using Guid(39120f5def8212a4e97a04692652ae67) Importer(815301076,1909f56bfc062723c751e8b465ee728b)  -> (artifact id: '8a4b49fbd0dcda789182bb22c7264277') in 0.375009 seconds 
========================================================================
Received Import Request.
  Time since last request: 61.402856 seconds.
  path: Assets/EffectExamples/Readme.asset
  artifactKey: Guid(83c2ed844a8c74b779a4c823d16594b1) Importer(815301076,1909f56bfc062723c751e8b465ee728b)
Start importing Assets/EffectExamples/Readme.asset using Guid(83c2ed844a8c74b779a4c823d16594b1) Importer(815301076,1909f56bfc062723c751e8b465ee728b)  -> (artifact id: '468e7179bb661ce24b6eb3174de739f0') in 0.006507 seconds 
========================================================================
Received Import Request.
  Time since last request: 0.000557 seconds.
  path: Assets/EffectExamples/SmokeTrail.mat
  artifactKey: Guid(85320f50710fcfb4d886bc56151bea1b) Importer(815301076,1909f56bfc062723c751e8b465ee728b)
Start importing Assets/EffectExamples/SmokeTrail.mat using Guid(85320f50710fcfb4d886bc56151bea1b) Importer(815301076,1909f56bfc062723c751e8b465ee728b)  -> (artifact id: 'bd4cee2062885be6416dfd088df5e9b0') in 0.189668 seconds 
========================================================================
Received Import Request.
  Time since last request: 3.678672 seconds.
  path: Assets/EffectExamples/WaterEffects
  artifactKey: Guid(ba290491ceddda648bce3f8b178b2353) Importer(815301076,1909f56bfc062723c751e8b465ee728b)
Start importing Assets/EffectExamples/WaterEffects using Guid(ba290491ceddda648bce3f8b178b2353) Importer(815301076,1909f56bfc062723c751e8b465ee728b)  -> (artifact id: '559133c32e20b8ee704db30fdd3001d0') in 0.004197 seconds 
========================================================================
Received Import Request.
  Time since last request: 0.468941 seconds.
  path: Assets/EffectExamples/WeaponEffects
  artifactKey: Guid(a693b7e7a750f4142beaa792c5791927) Importer(815301076,1909f56bfc062723c751e8b465ee728b)
Start importing Assets/EffectExamples/WeaponEffects using Guid(a693b7e7a750f4142beaa792c5791927) Importer(815301076,1909f56bfc062723c751e8b465ee728b)  -> (artifact id: '62dd91c7306d85f9c26aa0c2990a1c5d') in 0.004631 seconds 
========================================================================
Received Import Request.
  Time since last request: 1.737786 seconds.
  path: Assets/EffectExamples/FireExplosionEffects
  artifactKey: Guid(9c9c292c9091a7d4fbaf34fdd81b85fc) Importer(815301076,1909f56bfc062723c751e8b465ee728b)
Start importing Assets/EffectExamples/FireExplosionEffects using Guid(9c9c292c9091a7d4fbaf34fdd81b85fc) Importer(815301076,1909f56bfc062723c751e8b465ee728b)  -> (artifact id: 'e943d9774d6134ef0b7ff39e059e82bb') in 0.003789 seconds 
========================================================================
Received Import Request.
  Time since last request: 2.413123 seconds.
  path: Assets/EffectExamples/FireExplosionEffects/Materials
  artifactKey: Guid(d55d5882cc8028a459a0a5793070b388) Importer(815301076,1909f56bfc062723c751e8b465ee728b)
Start importing Assets/EffectExamples/FireExplosionEffects/Materials using Guid(d55d5882cc8028a459a0a5793070b388) Importer(815301076,1909f56bfc062723c751e8b465ee728b)  -> (artifact id: '0500226547e3487a9eacb9adee1e10e3') in 0.004655 seconds 
========================================================================
Received Import Request.
  Time since last request: 0.500390 seconds.
  path: Assets/EffectExamples/FireExplosionEffects/Prefabs
  artifactKey: Guid(af557a47dae08a94cb2839384fe7ac98) Importer(815301076,1909f56bfc062723c751e8b465ee728b)
Start importing Assets/EffectExamples/FireExplosionEffects/Prefabs using Guid(af557a47dae08a94cb2839384fe7ac98) Importer(815301076,1909f56bfc062723c751e8b465ee728b)  -> (artifact id: '082e04a831ba42b268c8f54c1a8723e2') in 0.004210 seconds 
========================================================================
Received Import Request.
  Time since last request: 0.448075 seconds.
  path: Assets/EffectExamples/FireExplosionEffects/Prefabs/BigExplosionEffect.prefab
  artifactKey: Guid(acf39d9f4addf294d93fa56fa373961b) Importer(815301076,1909f56bfc062723c751e8b465ee728b)
Start importing Assets/EffectExamples/FireExplosionEffects/Prefabs/BigExplosionEffect.prefab using Guid(acf39d9f4addf294d93fa56fa373961b) Importer(815301076,1909f56bfc062723c751e8b465ee728b)  -> (artifact id: 'a8ae15afc90c3f777dde8c660370f7a5') in 0.011945 seconds 
========================================================================
Received Import Request.
  Time since last request: 0.000479 seconds.
  path: Assets/EffectExamples/FireExplosionEffects/Prefabs/PlasmaExplosionEffect.prefab
  artifactKey: Guid(96730f8640590934eacb6f860058e7f9) Importer(815301076,1909f56bfc062723c751e8b465ee728b)
Start importing Assets/EffectExamples/FireExplosionEffects/Prefabs/PlasmaExplosionEffect.prefab using Guid(96730f8640590934eacb6f860058e7f9) Importer(815301076,1909f56bfc062723c751e8b465ee728b)  -> (artifact id: 'c417813250c37fb47b4e7b4a4ed67d37') in 0.007390 seconds 
========================================================================
Received Import Request.
  Time since last request: 0.000411 seconds.
  path: Assets/EffectExamples/FireExplosionEffects/Prefabs/SmokeEffect.prefab
  artifactKey: Guid(85a8865d1bf4a63478038fae23776de8) Importer(815301076,1909f56bfc062723c751e8b465ee728b)
Start importing Assets/EffectExamples/FireExplosionEffects/Prefabs/SmokeEffect.prefab using Guid(85a8865d1bf4a63478038fae23776de8) Importer(815301076,1909f56bfc062723c751e8b465ee728b)  -> (artifact id: '62e0f9a53ec91415a8fd325d40f79767') in 0.008228 seconds 
========================================================================
Received Import Request.
  Time since last request: 0.000542 seconds.
  path: Assets/EffectExamples/FireExplosionEffects/Prefabs/WallFlames.prefab
  artifactKey: Guid(2c7e85f4b03483447a66947c83fb7468) Importer(815301076,1909f56bfc062723c751e8b465ee728b)
Start importing Assets/EffectExamples/FireExplosionEffects/Prefabs/WallFlames.prefab using Guid(2c7e85f4b03483447a66947c83fb7468) Importer(815301076,1909f56bfc062723c751e8b465ee728b)  -> (artifact id: 'c419b0d7eedc8bd56bf83971a14f05d7') in 0.426486 seconds 
========================================================================
Received Import Request.
  Time since last request: 0.000650 seconds.
  path: Assets/EffectExamples/FireExplosionEffects/Prefabs/DrippingFlames.prefab
  artifactKey: Guid(ce4133109fd2cb7469faad8e7c4307a4) Importer(815301076,1909f56bfc062723c751e8b465ee728b)
Start importing Assets/EffectExamples/FireExplosionEffects/Prefabs/DrippingFlames.prefab using Guid(ce4133109fd2cb7469faad8e7c4307a4) Importer(815301076,1909f56bfc062723c751e8b465ee728b)  -> (artifact id: '56a266c94aeebc0c3d321eb8a6f4c006') in 0.029834 seconds 
========================================================================
Received Import Request.
  Time since last request: 0.000500 seconds.
  path: Assets/EffectExamples/FireExplosionEffects/Prefabs/FlameThrowerEffect.prefab
  artifactKey: Guid(3123da49cb81147489b444f2749aba47) Importer(815301076,1909f56bfc062723c751e8b465ee728b)
Start importing Assets/EffectExamples/FireExplosionEffects/Prefabs/FlameThrowerEffect.prefab using Guid(3123da49cb81147489b444f2749aba47) Importer(815301076,1909f56bfc062723c751e8b465ee728b)  -> (artifact id: '62d379d177423b2ba34705eadd983b42') in 0.020822 seconds 
========================================================================
Received Import Request.
  Time since last request: 0.000416 seconds.
  path: Assets/EffectExamples/FireExplosionEffects/Prefabs/TorchEffect.prefab
  artifactKey: Guid(3cdf614b79009ca49a2a5c117fb49c35) Importer(815301076,1909f56bfc062723c751e8b465ee728b)
Start importing Assets/EffectExamples/FireExplosionEffects/Prefabs/TorchEffect.prefab using Guid(3cdf614b79009ca49a2a5c117fb49c35) Importer(815301076,1909f56bfc062723c751e8b465ee728b)  -> (artifact id: 'face2fc70fd87e0ac2b05426f5fbe9dc') in 0.018291 seconds 
========================================================================
Received Import Request.
  Time since last request: 0.000381 seconds.
  path: Assets/EffectExamples/FireExplosionEffects/Prefabs/SmallExplosionEffect.prefab
  artifactKey: Guid(ecdd96beb7f93494880c052dfccf9dc1) Importer(815301076,1909f56bfc062723c751e8b465ee728b)
Start importing Assets/EffectExamples/FireExplosionEffects/Prefabs/SmallExplosionEffect.prefab using Guid(ecdd96beb7f93494880c052dfccf9dc1) Importer(815301076,1909f56bfc062723c751e8b465ee728b)  -> (artifact id: 'c6a51c97f4035bae60d3b9ca45a0023b') in 0.007253 seconds 
========================================================================
Received Import Request.
  Time since last request: 0.000520 seconds.
  path: Assets/EffectExamples/FireExplosionEffects/Materials/FlameRoundYellowParticle.mat
  artifactKey: Guid(d7f098ed9997e714193be5e86df013f4) Importer(815301076,1909f56bfc062723c751e8b465ee728b)
Start importing Assets/EffectExamples/FireExplosionEffects/Materials/FlameRoundYellowParticle.mat using Guid(d7f098ed9997e714193be5e86df013f4) Importer(815301076,1909f56bfc062723c751e8b465ee728b)  -> (artifact id: '91b696b9008ea106bf84b2d34a130942') in 0.015861 seconds 
========================================================================
Received Import Request.
  Time since last request: 0.000451 seconds.
  path: Assets/EffectExamples/FireExplosionEffects/Prefabs/FlamesParticleEffect.prefab
  artifactKey: Guid(3228a22491941734bb83ad691d17fcb9) Importer(815301076,1909f56bfc062723c751e8b465ee728b)
Start importing Assets/EffectExamples/FireExplosionEffects/Prefabs/FlamesParticleEffect.prefab using Guid(3228a22491941734bb83ad691d17fcb9) Importer(815301076,1909f56bfc062723c751e8b465ee728b)  -> (artifact id: 'b8a77ccdf4d11f8dcc93ec93e2364168') in 0.007755 seconds 
========================================================================
Received Import Request.
  Time since last request: 0.000293 seconds.
  path: Assets/EffectExamples/FireExplosionEffects/Prefabs/RibbonSmoke.prefab
  artifactKey: Guid(4d35711ba17dcd4409264568d9155360) Importer(815301076,1909f56bfc062723c751e8b465ee728b)
Start importing Assets/EffectExamples/FireExplosionEffects/Prefabs/RibbonSmoke.prefab using Guid(4d35711ba17dcd4409264568d9155360) Importer(815301076,1909f56bfc062723c751e8b465ee728b)  -> (artifact id: 'e04736bc5218a784d9145590eda421d5') in 0.006288 seconds 
========================================================================
Received Import Request.
  Time since last request: 0.000292 seconds.
  path: Assets/EffectExamples/FireExplosionEffects/Prefabs/FlamesEffects.prefab
  artifactKey: Guid(b9e167e31f640b34f87caab122fca598) Importer(815301076,1909f56bfc062723c751e8b465ee728b)
Start importing Assets/EffectExamples/FireExplosionEffects/Prefabs/FlamesEffects.prefab using Guid(b9e167e31f640b34f87caab122fca598) Importer(815301076,1909f56bfc062723c751e8b465ee728b)  -> (artifact id: '5fa3079cc0096ffcee8574fd9dff13c2') in 0.078555 seconds 
========================================================================
Received Import Request.
  Time since last request: 61.538803 seconds.
  path: Assets/EffectExamples/FireExplosionEffects/Materials/DebrisParticle.mat
  artifactKey: Guid(72815344e9e9c7446895e130936932d7) Importer(815301076,1909f56bfc062723c751e8b465ee728b)
Start importing Assets/EffectExamples/FireExplosionEffects/Materials/DebrisParticle.mat using Guid(72815344e9e9c7446895e130936932d7) Importer(815301076,1909f56bfc062723c751e8b465ee728b)  -> (artifact id: '73bd41172a20f6f167af7fa49f869e43') in 0.037705 seconds 
========================================================================
Received Import Request.
  Time since last request: 0.000404 seconds.
  path: Assets/EffectExamples/FireExplosionEffects/Materials/EmbersParticle.mat
  artifactKey: Guid(776677ab3818fb249adaca05f4e04545) Importer(815301076,1909f56bfc062723c751e8b465ee728b)
Start importing Assets/EffectExamples/FireExplosionEffects/Materials/EmbersParticle.mat using Guid(776677ab3818fb249adaca05f4e04545) Importer(815301076,1909f56bfc062723c751e8b465ee728b)  -> (artifact id: '879d17eac1f7cb0c4606d6f121e003de') in 0.016721 seconds 
========================================================================
Received Import Request.
  Time since last request: 0.000438 seconds.
  path: Assets/EffectExamples/FireExplosionEffects/Materials/PlasmaExplosionParticle.mat
  artifactKey: Guid(7ff1ab0b724442843965e2dd0f02e969) Importer(815301076,1909f56bfc062723c751e8b465ee728b)
Start importing Assets/EffectExamples/FireExplosionEffects/Materials/PlasmaExplosionParticle.mat using Guid(7ff1ab0b724442843965e2dd0f02e969) Importer(815301076,1909f56bfc062723c751e8b465ee728b)  -> (artifact id: 'f39b8ce63111a61b72b0904d7656b5d9') in 0.232515 seconds 
========================================================================
Received Import Request.
  Time since last request: 0.000287 seconds.
  path: Assets/EffectExamples/FireExplosionEffects/Materials/SmokeLightParticle.mat
  artifactKey: Guid(f06455b167e1b0b428c9af62d7aa6832) Importer(815301076,1909f56bfc062723c751e8b465ee728b)
Start importing Assets/EffectExamples/FireExplosionEffects/Materials/SmokeLightParticle.mat using Guid(f06455b167e1b0b428c9af62d7aa6832) Importer(815301076,1909f56bfc062723c751e8b465ee728b)  -> (artifact id: '3f868ad02dd374c53ab6170217028e02') in 0.247386 seconds 
========================================================================
Received Import Request.
  Time since last request: 0.000930 seconds.
  path: Assets/EffectExamples/FireExplosionEffects/Materials/SmokeDarkParticle.mat
  artifactKey: Guid(698a8134f4ebbbd4e848648685f68067) Importer(815301076,1909f56bfc062723c751e8b465ee728b)
Start importing Assets/EffectExamples/FireExplosionEffects/Materials/SmokeDarkParticle.mat using Guid(698a8134f4ebbbd4e848648685f68067) Importer(815301076,1909f56bfc062723c751e8b465ee728b)  -> (artifact id: '6e6b384f53f41a4067c6c446bc4ef326') in 0.017749 seconds 
========================================================================
Received Import Request.
  Time since last request: 0.000477 seconds.
  path: Assets/EffectExamples/FireExplosionEffects/Materials/IgnitionFlameParticle.mat
  artifactKey: Guid(f53f1a24bb4ef8f4d879ea7b3a5197e5) Importer(815301076,1909f56bfc062723c751e8b465ee728b)
Start importing Assets/EffectExamples/FireExplosionEffects/Materials/IgnitionFlameParticle.mat using Guid(f53f1a24bb4ef8f4d879ea7b3a5197e5) Importer(815301076,1909f56bfc062723c751e8b465ee728b)  -> (artifact id: 'dbdaf6359ebeda11583989c2cf4eaf00') in 0.027637 seconds 
========================================================================
Received Import Request.
  Time since last request: 0.000405 seconds.
  path: Assets/EffectExamples/FireExplosionEffects/Materials/PlasmaFireParticle.mat
  artifactKey: Guid(b5387d3c2ba98fc44a0f5744f94ce48c) Importer(815301076,1909f56bfc062723c751e8b465ee728b)
Start importing Assets/EffectExamples/FireExplosionEffects/Materials/PlasmaFireParticle.mat using Guid(b5387d3c2ba98fc44a0f5744f94ce48c) Importer(815301076,1909f56bfc062723c751e8b465ee728b)  -> (artifact id: '1a9c2f98211a7a02cdc44ec07a9828bf') in 0.016207 seconds 
========================================================================
Received Import Request.
  Time since last request: 0.000441 seconds.
  path: Assets/EffectExamples/FireExplosionEffects/Materials/LightningParticle.mat
  artifactKey: Guid(123ac6dc79004e54b8b352a7e64acdca) Importer(815301076,1909f56bfc062723c751e8b465ee728b)
Start importing Assets/EffectExamples/FireExplosionEffects/Materials/LightningParticle.mat using Guid(123ac6dc79004e54b8b352a7e64acdca) Importer(815301076,1909f56bfc062723c751e8b465ee728b)  -> (artifact id: 'd103cc04536074c94faaa9a1c74e0803') in 0.017332 seconds 
========================================================================
Received Import Request.
  Time since last request: 0.000348 seconds.
  path: Assets/EffectExamples/FireExplosionEffects/Materials/FlameParticle.mat
  artifactKey: Guid(bd8c234372a08af408b82538314378fe) Importer(815301076,1909f56bfc062723c751e8b465ee728b)
Start importing Assets/EffectExamples/FireExplosionEffects/Materials/FlameParticle.mat using Guid(bd8c234372a08af408b82538314378fe) Importer(815301076,1909f56bfc062723c751e8b465ee728b)  -> (artifact id: 'c78d76dbf982bd393434307e57c2beb4') in 0.019534 seconds 
========================================================================
Received Import Request.
  Time since last request: 0.000462 seconds.
  path: Assets/EffectExamples/FireExplosionEffects/Materials/ShockWaveParticle.mat
  artifactKey: Guid(f88239865da4c79468e051ceb78c0317) Importer(815301076,1909f56bfc062723c751e8b465ee728b)
Start importing Assets/EffectExamples/FireExplosionEffects/Materials/ShockWaveParticle.mat using Guid(f88239865da4c79468e051ceb78c0317) Importer(815301076,1909f56bfc062723c751e8b465ee728b)  -> (artifact id: 'a6def4ef1c8f410f53c9d611a868b55f') in 0.021752 seconds 
========================================================================
Received Import Request.
  Time since last request: 1.867424 seconds.
  path: Assets/EffectExamples/FireExplosionEffects/Textures/FlameParticleSheet.tif
  artifactKey: Guid(838696ee09635f647b630a61fac71a72) Importer(815301076,1909f56bfc062723c751e8b465ee728b)
Start importing Assets/EffectExamples/FireExplosionEffects/Textures/FlameParticleSheet.tif using Guid(838696ee09635f647b630a61fac71a72) Importer(815301076,1909f56bfc062723c751e8b465ee728b)  -> (artifact id: '7ff272fa3e3b382d9a90e2e0dce2bf97') in 0.020762 seconds 
========================================================================
Received Import Request.
  Time since last request: 2.302368 seconds.
  path: Assets/EffectExamples/FireExplosionEffects/Textures/SmokePuff02ParticleSheet.tif
  artifactKey: Guid(26e206bd730800f4f82b828eb9f1c067) Importer(815301076,1909f56bfc062723c751e8b465ee728b)
Start importing Assets/EffectExamples/FireExplosionEffects/Textures/SmokePuff02ParticleSheet.tif using Guid(26e206bd730800f4f82b828eb9f1c067) Importer(815301076,1909f56bfc062723c751e8b465ee728b)  -> (artifact id: 'cd9b8e8c6381b21c605fe9c76d777856') in 0.014880 seconds 
========================================================================
Received Import Request.
  Time since last request: 3.499328 seconds.
  path: Assets/EffectExamples/FireExplosionEffects/Textures
  artifactKey: Guid(b570582a843ea1143a2446d355eda99b) Importer(815301076,1909f56bfc062723c751e8b465ee728b)
Start importing Assets/EffectExamples/FireExplosionEffects/Textures using Guid(b570582a843ea1143a2446d355eda99b) Importer(815301076,1909f56bfc062723c751e8b465ee728b)  -> (artifact id: 'e6c9c19445d3e1810ee2a510983b86ec') in 0.049973 seconds 
========================================================================
Received Import Request.
  Time since last request: 0.035104 seconds.
  path: Assets/EffectExamples/FireExplosionEffects/Textures/FlameRoundGreyParticleSheet.tif
  artifactKey: Guid(aa0907451008d784b8ef5b1c0900465d) Importer(815301076,1909f56bfc062723c751e8b465ee728b)
Start importing Assets/EffectExamples/FireExplosionEffects/Textures/FlameRoundGreyParticleSheet.tif using Guid(aa0907451008d784b8ef5b1c0900465d) Importer(815301076,1909f56bfc062723c751e8b465ee728b)  -> (artifact id: '8314df9712c68d49c75c551e6dc2cb11') in 0.011838 seconds 
========================================================================
Received Import Request.
  Time since last request: 0.000299 seconds.
  path: Assets/EffectExamples/FireExplosionEffects/Textures/SmokePuffNormalSheet.tif
  artifactKey: Guid(3bc01580ce4f1834eb3562397607f51d) Importer(815301076,1909f56bfc062723c751e8b465ee728b)
Start importing Assets/EffectExamples/FireExplosionEffects/Textures/SmokePuffNormalSheet.tif using Guid(3bc01580ce4f1834eb3562397607f51d) Importer(815301076,1909f56bfc062723c751e8b465ee728b)  -> (artifact id: '8fd31e7256552749f15d39b80de6b4a4') in 0.023831 seconds 
========================================================================
Received Import Request.
  Time since last request: 0.000300 seconds.
  path: Assets/EffectExamples/FireExplosionEffects/Textures/FlameRoundParticleSheet.tif
  artifactKey: Guid(408718fd5f763de42b12f849570ddf58) Importer(815301076,1909f56bfc062723c751e8b465ee728b)
Start importing Assets/EffectExamples/FireExplosionEffects/Textures/FlameRoundParticleSheet.tif using Guid(408718fd5f763de42b12f849570ddf58) Importer(815301076,1909f56bfc062723c751e8b465ee728b)  -> (artifact id: '60a4becabcddf9e48a585d5f3a0b29bf') in 0.019875 seconds 
========================================================================
Received Import Request.
  Time since last request: 0.000304 seconds.
  path: Assets/EffectExamples/FireExplosionEffects/Textures/LightningParticle.tif
  artifactKey: Guid(06e4a78c75e10c145a9156e32089ec9c) Importer(815301076,1909f56bfc062723c751e8b465ee728b)
Start importing Assets/EffectExamples/FireExplosionEffects/Textures/LightningParticle.tif using Guid(06e4a78c75e10c145a9156e32089ec9c) Importer(815301076,1909f56bfc062723c751e8b465ee728b)  -> (artifact id: '14731f217540199594831f2331696a84') in 0.013926 seconds 
========================================================================
Received Import Request.
  Time since last request: 0.000346 seconds.
  path: Assets/EffectExamples/FireExplosionEffects/Textures/RoundSoftParticle.tif
  artifactKey: Guid(82c211cd7b28abb4a9e4ee77e8bd1b03) Importer(815301076,1909f56bfc062723c751e8b465ee728b)
Start importing Assets/EffectExamples/FireExplosionEffects/Textures/RoundSoftParticle.tif using Guid(82c211cd7b28abb4a9e4ee77e8bd1b03) Importer(815301076,1909f56bfc062723c751e8b465ee728b)  -> (artifact id: '49e8343d6d3ec788e4a3f94b69b5a375') in 0.016766 seconds 
========================================================================
Received Import Request.
  Time since last request: 0.000362 seconds.
  path: Assets/EffectExamples/FireExplosionEffects/Textures/SmokePuffParticleSheet.png
  artifactKey: Guid(d3c9883e2f0eef44f9241b6f8428f9fc) Importer(815301076,1909f56bfc062723c751e8b465ee728b)
Start importing Assets/EffectExamples/FireExplosionEffects/Textures/SmokePuffParticleSheet.png using Guid(d3c9883e2f0eef44f9241b6f8428f9fc) Importer(815301076,1909f56bfc062723c751e8b465ee728b)  -> (artifact id: '68c6d9c4f57155ced93db8f6903066fb') in 0.017850 seconds 
========================================================================
Received Import Request.
  Time since last request: 1242.380695 seconds.
  path: Assets/Materials
  artifactKey: Guid(9122476023a35bc4185641a3ec9b05cc) Importer(815301076,1909f56bfc062723c751e8b465ee728b)
Start importing Assets/Materials using Guid(9122476023a35bc4185641a3ec9b05cc) Importer(815301076,1909f56bfc062723c751e8b465ee728b)  -> (artifact id: 'af94f97b4db2ce941cf74e6ae5af114b') in 0.003831 seconds 
========================================================================
Received Import Request.
  Time since last request: 0.063176 seconds.
  path: Assets/Materials/torch.mat
  artifactKey: Guid(043205b7a6bf67d4291e7e67e9e2c0df) Importer(815301076,1909f56bfc062723c751e8b465ee728b)
Start importing Assets/Materials/torch.mat using Guid(043205b7a6bf67d4291e7e67e9e2c0df) Importer(815301076,1909f56bfc062723c751e8b465ee728b)  -> (artifact id: '493347fb010c03ca2a16a03591982d74') in 0.015115 seconds 
========================================================================
Received Import Request.
  Time since last request: 12.122753 seconds.
  path: Assets/Materials/Default.mat
  artifactKey: Guid(b21d78885d69b8746b471801d529871b) Importer(815301076,1909f56bfc062723c751e8b465ee728b)
Start importing Assets/Materials/Default.mat using Guid(b21d78885d69b8746b471801d529871b) Importer(815301076,1909f56bfc062723c751e8b465ee728b)  -> (artifact id: '6f2d7e181da2fd44ac7e8539adc65d1e') in 0.141112 seconds 
