Using pre-set license
Built from '2021.1/staging' branch; Version is '2021.1.11f1 (4d8c25f7477e) revision 5082149'; Using compiler version '192528614'; Build Type 'Release'
OS: 'Windows 10 Home; OS build 19043.1110; Version 2009; 64bit' Language: 'en' Physical Memory: 16315 MB
BatchMode: 1, IsHumanControllingUs: 0, StartBugReporterOnCrash: 0, Is64bit: 1, IsPro: 0

 COMMAND LINE ARGUMENTS:
C:\Program Files\Unity\Hub\Editor\2021.1.11f1\Editor\Unity.exe
-adb2
-batchMode
-noUpm
-name
AssetImportWorker0
-projectPath
J:/Projects/git games/Week1 Workshop/AGL-Week1-Workshop
-logFile
Logs/AssetImportWorker0.log
-srvPort
65511
Successfully changed project path to: J:/Projects/git games/Week1 Workshop/AGL-Week1-Workshop
J:/Projects/git games/Week1 Workshop/AGL-Week1-Workshop
Using Asset Import Pipeline V2.
Refreshing native plugins compatible for Editor in 115.63 ms, found 4 plugins.
Preloading 0 native plugins for Editor in 0.00 ms.
Initialize engine version: 2021.1.11f1 (4d8c25f7477e)
[Subsystems] Discovering subsystems at path C:/Program Files/Unity/Hub/Editor/2021.1.11f1/Editor/Data/Resources/UnitySubsystems
[Subsystems] Discovering subsystems at path J:/Projects/git games/Week1 Workshop/AGL-Week1-Workshop/Assets
GfxDevice: creating device client; threaded=0; jobified=0
Direct3D:
    Version:  Direct3D 11.0 [level 11.1]
    Renderer: NVIDIA GeForce RTX 2080 (ID=0x1e87)
    Vendor:   NVIDIA
    VRAM:     8010 MB
    Driver:   27.21.14.6079
Initialize mono
Mono path[0] = 'C:/Program Files/Unity/Hub/Editor/2021.1.11f1/Editor/Data/Managed'
Mono path[1] = 'C:/Program Files/Unity/Hub/Editor/2021.1.11f1/Editor/Data/MonoBleedingEdge/lib/mono/unityjit'
Mono config path = 'C:/Program Files/Unity/Hub/Editor/2021.1.11f1/Editor/Data/MonoBleedingEdge/etc'
Using monoOptions --debugger-agent=transport=dt_socket,embedding=1,server=y,suspend=n,address=127.0.0.1:56844
Begin MonoManager ReloadAssembly
Registering precompiled unity dll's ...
Register platform support module: C:/Program Files/Unity/Hub/Editor/2021.1.11f1/Editor/Data/PlaybackEngines/WebGLSupport/UnityEditor.WebGL.Extensions.dll
Register platform support module: C:/Program Files/Unity/Hub/Editor/2021.1.11f1/Editor/Data/PlaybackEngines/MacStandaloneSupport/UnityEditor.OSXStandalone.Extensions.dll
Register platform support module: C:/Program Files/Unity/Hub/Editor/2021.1.11f1/Editor/Data/PlaybackEngines/WindowsStandaloneSupport/UnityEditor.WindowsStandalone.Extensions.dll
Register platform support module: C:/Program Files/Unity/Hub/Editor/2021.1.11f1/Editor/Data/PlaybackEngines/LinuxStandaloneSupport/UnityEditor.LinuxStandalone.Extensions.dll
Registered in 0.006989 seconds.
Native extension for LinuxStandalone target not found
Native extension for WindowsStandalone target not found
Native extension for OSXStandalone target not found
Native extension for WebGL target not found
Refreshing native plugins compatible for Editor in 105.71 ms, found 4 plugins.
Preloading 0 native plugins for Editor in 0.00 ms.
Mono: successfully reloaded assembly
- Completed reload, in  1.566 seconds
Domain Reload Profiling:
	ReloadAssembly (1567ms)
		BeginReloadAssembly (58ms)
			ExecutionOrderSort (0ms)
			DisableScriptedObjects (0ms)
			BackupInstance (0ms)
			ReleaseScriptingObjects (0ms)
			CreateAndSetChildDomain (1ms)
		EndReloadAssembly (512ms)
			LoadAssemblies (54ms)
			RebuildTransferFunctionScriptingTraits (0ms)
			SetupTypeCache (175ms)
			ReleaseScriptCaches (0ms)
			RebuildScriptCaches (32ms)
			SetupLoadedEditorAssemblies (254ms)
				LogAssemblyErrors (0ms)
				InitializePlatformSupportModulesInManaged (12ms)
				SetLoadedEditorAssemblies (0ms)
				RefreshPlugins (107ms)
				BeforeProcessingInitializeOnLoad (1ms)
				ProcessInitializeOnLoadAttributes (99ms)
				ProcessInitializeOnLoadMethodAttributes (34ms)
				AfterProcessingInitializeOnLoad (0ms)
				EditorAssembliesLoaded (0ms)
			ExecutionOrderSort2 (0ms)
			AwakeInstancesAfterBackupRestoration (0ms)
Platform modules already initialized, skipping
Registering precompiled user dll's ...
Registered in 0.006261 seconds.
Begin MonoManager ReloadAssembly
Symbol file LoadedFromMemory doesn't match image J:\Projects\git games\Week1 Workshop\AGL-Week1-Workshop\Library\PackageCache\com.unity.visualscripting@1.6.1\Editor\VisualScripting.Core\Dependencies\YamlDotNet\Unity.VisualScripting.YamlDotNet.dll
Symbol file LoadedFromMemory doesn't match image J:\Projects\git games\Week1 Workshop\AGL-Week1-Workshop\Library\PackageCache\com.unity.visualscripting@1.6.1\Editor\VisualScripting.Core\Dependencies\DotNetZip\Unity.VisualScripting.IonicZip.dll
Native extension for LinuxStandalone target not found
Native extension for WindowsStandalone target not found
Native extension for OSXStandalone target not found
Native extension for WebGL target not found
Refreshing native plugins compatible for Editor in 104.12 ms, found 4 plugins.
Preloading 0 native plugins for Editor in 0.00 ms.
Mono: successfully reloaded assembly
- Completed reload, in  1.356 seconds
Domain Reload Profiling:
	ReloadAssembly (1358ms)
		BeginReloadAssembly (166ms)
			ExecutionOrderSort (0ms)
			DisableScriptedObjects (4ms)
			BackupInstance (0ms)
			ReleaseScriptingObjects (0ms)
			CreateAndSetChildDomain (20ms)
		EndReloadAssembly (1121ms)
			LoadAssemblies (111ms)
			RebuildTransferFunctionScriptingTraits (0ms)
			SetupTypeCache (378ms)
			ReleaseScriptCaches (1ms)
			RebuildScriptCaches (55ms)
			SetupLoadedEditorAssemblies (477ms)
				LogAssemblyErrors (0ms)
				InitializePlatformSupportModulesInManaged (10ms)
				SetLoadedEditorAssemblies (0ms)
				RefreshPlugins (106ms)
				BeforeProcessingInitializeOnLoad (91ms)
				ProcessInitializeOnLoadAttributes (244ms)
				ProcessInitializeOnLoadMethodAttributes (15ms)
				AfterProcessingInitializeOnLoad (10ms)
				EditorAssembliesLoaded (0ms)
			ExecutionOrderSort2 (0ms)
			AwakeInstancesAfterBackupRestoration (6ms)
Platform modules already initialized, skipping
========================================================================
Worker process is ready to serve import requests
Launched and connected shader compiler UnityShaderCompiler.exe after 0.14 seconds
Refreshing native plugins compatible for Editor in 0.75 ms, found 4 plugins.
Preloading 0 native plugins for Editor in 0.00 ms.
Unloading 3808 Unused Serialized files (Serialized files now loaded: 0)
System memory in use before: 149.1 MB.
System memory in use after: 149.3 MB.

Unloading 33 unused Assets to reduce memory usage. Loaded Objects now: 4262.
Total: 2.824000 ms (FindLiveObjects: 0.312400 ms CreateObjectMapping: 0.203600 ms MarkObjects: 2.231300 ms  DeleteObjects: 0.075800 ms)

AssetImportParameters requested are different than current active one (requested -> active):
  custom:framework-win-MediaFoundation: 216162199b28c13a410421893ffa2e32 -> 
  custom:video-decoder-ogg-theora: a1e56fd34408186e4bbccfd4996cb3dc -> 
  custom:container-muxer-webm: aa71ff27fc2769a1b78a27578f13a17b -> 
  custom:container-demuxer-webm: 4f35f7cbe854078d1ac9338744f61a02 -> 
  custom:container-demuxer-ogg: 62fdf1f143b41e24485cea50d1cbac27 -> 
  custom:video-encoder-webm-vp8: eb34c28f22e8b96e1ab97ce403110664 -> 
  custom:video-decoder-webm-vp8: 9c59270c3fd7afecdb556c50c9e8de78 -> 
  custom:audio-decoder-ogg-vorbis: bf7c407c2cedff20999df2af8eb42d56 -> 
  custom:audio-encoder-webm-vorbis: bf7c407c2cedff20999df2af8eb42d56 -> 
========================================================================
Received Import Request.
  path: Assets/Textures/Pallets/stone wall 1.png
  artifactKey: Guid(3292b9caab8ca154eb81bb9715f9d734) Importer(815301076,1909f56bfc062723c751e8b465ee728b)
Start importing Assets/Textures/Pallets/stone wall 1.png using Guid(3292b9caab8ca154eb81bb9715f9d734) Importer(815301076,1909f56bfc062723c751e8b465ee728b)  -> (artifact id: 'e238c01482535fd5985ca72a7ddab3c6') in 0.285923 seconds 
========================================================================
Received Import Request.
  Time since last request: 52.328745 seconds.
  path: Assets/Textures/Pallets/stone wall.png
  artifactKey: Guid(c7a9b3d7eb962f545be179943ab19851) Importer(815301076,1909f56bfc062723c751e8b465ee728b)
Start importing Assets/Textures/Pallets/stone wall.png using Guid(c7a9b3d7eb962f545be179943ab19851) Importer(815301076,1909f56bfc062723c751e8b465ee728b)  -> (artifact id: '9aa7dd5b480bc9f9969bf83618fc11e3') in 0.027473 seconds 
========================================================================
Received Import Request.
  Time since last request: 6.723155 seconds.
  path: Assets/Textures/Pallets/stone wall.png
  artifactKey: Guid(c7a9b3d7eb962f545be179943ab19851) Importer(815301076,1909f56bfc062723c751e8b465ee728b)
Start importing Assets/Textures/Pallets/stone wall.png using Guid(c7a9b3d7eb962f545be179943ab19851) Importer(815301076,1909f56bfc062723c751e8b465ee728b)  -> (artifact id: '9b5c0316cec68589ed72a505e2f0e7cd') in 0.110446 seconds 
========================================================================
Received Import Request.
  Time since last request: 6.602422 seconds.
  path: Assets/Textures/Pallets/stone wall.png
  artifactKey: Guid(c7a9b3d7eb962f545be179943ab19851) Importer(815301076,1909f56bfc062723c751e8b465ee728b)
Start importing Assets/Textures/Pallets/stone wall.png using Guid(c7a9b3d7eb962f545be179943ab19851) Importer(815301076,1909f56bfc062723c751e8b465ee728b)  -> (artifact id: 'f592cbb781540e8cb60257778b655fbc') in 0.126409 seconds 
========================================================================
Received Import Request.
  Time since last request: 14.395207 seconds.
  path: Assets/Textures/Pallets/stone wall.png
  artifactKey: Guid(c7a9b3d7eb962f545be179943ab19851) Importer(815301076,1909f56bfc062723c751e8b465ee728b)
Start importing Assets/Textures/Pallets/stone wall.png using Guid(c7a9b3d7eb962f545be179943ab19851) Importer(815301076,1909f56bfc062723c751e8b465ee728b)  -> (artifact id: 'fc2755ffcf7b079c751c747fd90264bf') in 0.116708 seconds 
========================================================================
Received Import Request.
  Time since last request: 11.421353 seconds.
  path: Assets/Textures/Pallets/Background.prefab
  artifactKey: Guid(d2cbb2102a0612a4dbea91577d6474f9) Importer(815301076,1909f56bfc062723c751e8b465ee728b)
Start importing Assets/Textures/Pallets/Background.prefab using Guid(d2cbb2102a0612a4dbea91577d6474f9) Importer(815301076,1909f56bfc062723c751e8b465ee728b)  -> (artifact id: '978773f1ad622c7da9a901a89342dd3f') in 0.036080 seconds 
========================================================================
Received Import Request.
  Time since last request: 37.576816 seconds.
  path: Assets/Textures/Pallets/Stone.asset
  artifactKey: Guid(f7e139a283d5064438f43a19fc4f44ca) Importer(815301076,1909f56bfc062723c751e8b465ee728b)
Start importing Assets/Textures/Pallets/Stone.asset using Guid(f7e139a283d5064438f43a19fc4f44ca) Importer(815301076,1909f56bfc062723c751e8b465ee728b)  -> (artifact id: 'b126c440db5f44ce9c6c68b9fc15ade5') in 0.013277 seconds 
========================================================================
Received Import Request.
  Time since last request: 54.621385 seconds.
  path: Assets/Textures/Pallets/Background.prefab
  artifactKey: Guid(d2cbb2102a0612a4dbea91577d6474f9) Importer(815301076,1909f56bfc062723c751e8b465ee728b)
Start importing Assets/Textures/Pallets/Background.prefab using Guid(d2cbb2102a0612a4dbea91577d6474f9) Importer(815301076,1909f56bfc062723c751e8b465ee728b)  -> (artifact id: 'c975557690ea108e803120e39561abe7') in 0.006402 seconds 
========================================================================
Received Prepare
Registering precompiled user dll's ...
Registered in 0.007879 seconds.
Begin MonoManager ReloadAssembly
Symbol file LoadedFromMemory doesn't match image J:\Projects\git games\Week1 Workshop\AGL-Week1-Workshop\Library\PackageCache\com.unity.visualscripting@1.6.1\Editor\VisualScripting.Core\Dependencies\YamlDotNet\Unity.VisualScripting.YamlDotNet.dll
Symbol file LoadedFromMemory doesn't match image J:\Projects\git games\Week1 Workshop\AGL-Week1-Workshop\Library\PackageCache\com.unity.visualscripting@1.6.1\Editor\VisualScripting.Core\Dependencies\DotNetZip\Unity.VisualScripting.IonicZip.dll
Native extension for LinuxStandalone target not found
Native extension for WindowsStandalone target not found
Native extension for OSXStandalone target not found
Native extension for WebGL target not found
Refreshing native plugins compatible for Editor in 0.76 ms, found 4 plugins.
Preloading 0 native plugins for Editor in 0.00 ms.
Mono: successfully reloaded assembly
- Completed reload, in  1.183 seconds
Domain Reload Profiling:
	ReloadAssembly (1184ms)
		BeginReloadAssembly (133ms)
			ExecutionOrderSort (0ms)
			DisableScriptedObjects (7ms)
			BackupInstance (0ms)
			ReleaseScriptingObjects (0ms)
			CreateAndSetChildDomain (46ms)
		EndReloadAssembly (980ms)
			LoadAssemblies (109ms)
			RebuildTransferFunctionScriptingTraits (0ms)
			SetupTypeCache (392ms)
			ReleaseScriptCaches (1ms)
			RebuildScriptCaches (44ms)
			SetupLoadedEditorAssemblies (322ms)
				LogAssemblyErrors (0ms)
				InitializePlatformSupportModulesInManaged (9ms)
				SetLoadedEditorAssemblies (0ms)
				RefreshPlugins (1ms)
				BeforeProcessingInitializeOnLoad (67ms)
				ProcessInitializeOnLoadAttributes (225ms)
				ProcessInitializeOnLoadMethodAttributes (9ms)
				AfterProcessingInitializeOnLoad (10ms)
				EditorAssembliesLoaded (0ms)
			ExecutionOrderSort2 (0ms)
			AwakeInstancesAfterBackupRestoration (14ms)
Platform modules already initialized, skipping
Refreshing native plugins compatible for Editor in 0.72 ms, found 4 plugins.
Preloading 0 native plugins for Editor in 0.00 ms.
Unloading 3758 Unused Serialized files (Serialized files now loaded: 0)
System memory in use before: 160.3 MB.
System memory in use after: 160.5 MB.

Unloading 21 unused Assets to reduce memory usage. Loaded Objects now: 4345.
Total: 2.488000 ms (FindLiveObjects: 0.259800 ms CreateObjectMapping: 0.158400 ms MarkObjects: 2.049800 ms  DeleteObjects: 0.019000 ms)

AssetImportParameters requested are different than current active one (requested -> active):
  custom:framework-win-MediaFoundation: 216162199b28c13a410421893ffa2e32 -> 
  custom:video-decoder-ogg-theora: a1e56fd34408186e4bbccfd4996cb3dc -> 
  custom:container-muxer-webm: aa71ff27fc2769a1b78a27578f13a17b -> 
  custom:container-demuxer-webm: 4f35f7cbe854078d1ac9338744f61a02 -> 
  custom:container-demuxer-ogg: 62fdf1f143b41e24485cea50d1cbac27 -> 
  custom:video-encoder-webm-vp8: eb34c28f22e8b96e1ab97ce403110664 -> 
  custom:video-decoder-webm-vp8: 9c59270c3fd7afecdb556c50c9e8de78 -> 
  custom:audio-decoder-ogg-vorbis: bf7c407c2cedff20999df2af8eb42d56 -> 
  custom:audio-encoder-webm-vorbis: bf7c407c2cedff20999df2af8eb42d56 -> 
========================================================================
Received Import Request.
  Time since last request: 250.439291 seconds.
  path: Assets/Textures/Pallets/stone wall.png
  artifactKey: Guid(c7a9b3d7eb962f545be179943ab19851) Importer(815301076,1909f56bfc062723c751e8b465ee728b)
Start importing Assets/Textures/Pallets/stone wall.png using Guid(c7a9b3d7eb962f545be179943ab19851) Importer(815301076,1909f56bfc062723c751e8b465ee728b)  -> (artifact id: '35387327f990a2133d12792abb1193c4') in 0.098646 seconds 
========================================================================
Received Import Request.
  Time since last request: 12.962560 seconds.
  path: Assets/Textures/Pallets/stone wall.png
  artifactKey: Guid(c7a9b3d7eb962f545be179943ab19851) Importer(815301076,1909f56bfc062723c751e8b465ee728b)
Start importing Assets/Textures/Pallets/stone wall.png using Guid(c7a9b3d7eb962f545be179943ab19851) Importer(815301076,1909f56bfc062723c751e8b465ee728b)  -> (artifact id: '93f9c3f711b575b5d5b2781f792dcaf8') in 0.152424 seconds 
========================================================================
Received Import Request.
  Time since last request: 2.965265 seconds.
  path: Assets/Textures/Pallets/stone wall.png
  artifactKey: Guid(c7a9b3d7eb962f545be179943ab19851) Importer(815301076,1909f56bfc062723c751e8b465ee728b)
Start importing Assets/Textures/Pallets/stone wall.png using Guid(c7a9b3d7eb962f545be179943ab19851) Importer(815301076,1909f56bfc062723c751e8b465ee728b)  -> (artifact id: 'da4257046d706394b90560d2b8653a60') in 0.588303 seconds 
========================================================================
Received Import Request.
  Time since last request: 2.427337 seconds.
  path: Assets/Textures/Pallets/stone wall.png
  artifactKey: Guid(c7a9b3d7eb962f545be179943ab19851) Importer(815301076,1909f56bfc062723c751e8b465ee728b)
Start importing Assets/Textures/Pallets/stone wall.png using Guid(c7a9b3d7eb962f545be179943ab19851) Importer(815301076,1909f56bfc062723c751e8b465ee728b)  -> (artifact id: 'c1db820b89a58baabc37a91ac3bb964c') in 0.234054 seconds 
========================================================================
Received Import Request.
  Time since last request: 46.194721 seconds.
  path: Assets/Textures/Pallets/stone wall n.png
  artifactKey: Guid(e7bbe782fcd2b384eb7eb5f5d41119ca) Importer(815301076,1909f56bfc062723c751e8b465ee728b)
Start importing Assets/Textures/Pallets/stone wall n.png using Guid(e7bbe782fcd2b384eb7eb5f5d41119ca) Importer(815301076,1909f56bfc062723c751e8b465ee728b)  -> (artifact id: '4c279c2119616286bfde5f62f86d58eb') in 0.344327 seconds 
========================================================================
Received Import Request.
  Time since last request: 136.982864 seconds.
  path: Assets/Textures/Pallets/stone wall n.png
  artifactKey: Guid(e7bbe782fcd2b384eb7eb5f5d41119ca) Importer(815301076,1909f56bfc062723c751e8b465ee728b)
Start importing Assets/Textures/Pallets/stone wall n.png using Guid(e7bbe782fcd2b384eb7eb5f5d41119ca) Importer(815301076,1909f56bfc062723c751e8b465ee728b)  -> (artifact id: 'da16cf951c9fef61958e64496e144a20') in 0.038316 seconds 
========================================================================
Received Import Request.
  Time since last request: 33.234261 seconds.
  path: Assets/Textures/Pallets/stone wall n.png
  artifactKey: Guid(e7bbe782fcd2b384eb7eb5f5d41119ca) Importer(815301076,1909f56bfc062723c751e8b465ee728b)
Start importing Assets/Textures/Pallets/stone wall n.png using Guid(e7bbe782fcd2b384eb7eb5f5d41119ca) Importer(815301076,1909f56bfc062723c751e8b465ee728b)  -> (artifact id: '3b5f99a75608d591bcfd7c7b7de0a723') in 0.027383 seconds 
========================================================================
Received Import Request.
  Time since last request: 5.304875 seconds.
  path: Assets/Textures/Pallets/stone wall n.png
  artifactKey: Guid(e7bbe782fcd2b384eb7eb5f5d41119ca) Importer(815301076,1909f56bfc062723c751e8b465ee728b)
Start importing Assets/Textures/Pallets/stone wall n.png using Guid(e7bbe782fcd2b384eb7eb5f5d41119ca) Importer(815301076,1909f56bfc062723c751e8b465ee728b)  -> (artifact id: '8f69e63b688a077d00e34f5939fc70ed') in 0.023453 seconds 
========================================================================
Received Import Request.
  Time since last request: 17.253304 seconds.
  path: Assets/Textures/Pallets/stone wall n.png
  artifactKey: Guid(e7bbe782fcd2b384eb7eb5f5d41119ca) Importer(815301076,1909f56bfc062723c751e8b465ee728b)
Start importing Assets/Textures/Pallets/stone wall n.png using Guid(e7bbe782fcd2b384eb7eb5f5d41119ca) Importer(815301076,1909f56bfc062723c751e8b465ee728b)  -> (artifact id: 'a249de4e5b33787f44cef2ae141f52cd') in 0.025463 seconds 
========================================================================
Received Import Request.
  Time since last request: 3.485597 seconds.
  path: Assets/Textures/Pallets/stone wall n.png
  artifactKey: Guid(e7bbe782fcd2b384eb7eb5f5d41119ca) Importer(815301076,1909f56bfc062723c751e8b465ee728b)
Start importing Assets/Textures/Pallets/stone wall n.png using Guid(e7bbe782fcd2b384eb7eb5f5d41119ca) Importer(815301076,1909f56bfc062723c751e8b465ee728b)  -> (artifact id: '9273c090100c2d6be33ab680a36d9941') in 0.022697 seconds 
========================================================================
Received Import Request.
  Time since last request: 1.898700 seconds.
  path: Assets/Textures/Pallets/stone wall n.png
  artifactKey: Guid(e7bbe782fcd2b384eb7eb5f5d41119ca) Importer(815301076,1909f56bfc062723c751e8b465ee728b)
Start importing Assets/Textures/Pallets/stone wall n.png using Guid(e7bbe782fcd2b384eb7eb5f5d41119ca) Importer(815301076,1909f56bfc062723c751e8b465ee728b)  -> (artifact id: 'ae2c8de8ce3a058f36b3340dc9f3c98b') in 0.037998 seconds 
========================================================================
Received Import Request.
  Time since last request: 2.826179 seconds.
  path: Assets/Textures/Pallets/stone wall n.png
  artifactKey: Guid(e7bbe782fcd2b384eb7eb5f5d41119ca) Importer(815301076,1909f56bfc062723c751e8b465ee728b)
Start importing Assets/Textures/Pallets/stone wall n.png using Guid(e7bbe782fcd2b384eb7eb5f5d41119ca) Importer(815301076,1909f56bfc062723c751e8b465ee728b)  -> (artifact id: 'c727f06dde5efd82afa0196967e12bf9') in 0.035060 seconds 
========================================================================
Received Import Request.
  Time since last request: 131.769257 seconds.
  path: Assets/Textures/Pallets/stone wall n.png
  artifactKey: Guid(e7bbe782fcd2b384eb7eb5f5d41119ca) Importer(815301076,1909f56bfc062723c751e8b465ee728b)
Start importing Assets/Textures/Pallets/stone wall n.png using Guid(e7bbe782fcd2b384eb7eb5f5d41119ca) Importer(815301076,1909f56bfc062723c751e8b465ee728b)  -> (artifact id: '13650f2ec8406ee3ae6c4ce5888957ca') in 0.031796 seconds 
========================================================================
Received Import Request.
  Time since last request: 149.354093 seconds.
  path: Assets/Textures/Pallets/stone wall nf.png
  artifactKey: Guid(4a182017cd8d6324ca7e006cccfde792) Importer(815301076,1909f56bfc062723c751e8b465ee728b)
Start importing Assets/Textures/Pallets/stone wall nf.png using Guid(4a182017cd8d6324ca7e006cccfde792) Importer(815301076,1909f56bfc062723c751e8b465ee728b)  -> (artifact id: '0fd86f46f65d31dcfe604abc028e6dc2') in 0.036999 seconds 
========================================================================
Received Import Request.
  Time since last request: 24.073824 seconds.
  path: Assets/Textures/Pallets/stone wall nf.png
  artifactKey: Guid(4a182017cd8d6324ca7e006cccfde792) Importer(815301076,1909f56bfc062723c751e8b465ee728b)
Start importing Assets/Textures/Pallets/stone wall nf.png using Guid(4a182017cd8d6324ca7e006cccfde792) Importer(815301076,1909f56bfc062723c751e8b465ee728b)  -> (artifact id: '346639ea3b2a0a76a6ec12af4d50ca82') in 0.022393 seconds 
========================================================================
Received Import Request.
  Time since last request: 111.414120 seconds.
  path: Assets/Textures/Pallets/stone wall n 1.png
  artifactKey: Guid(86530d5322d8e0d498e2ca55dc55c91a) Importer(815301076,1909f56bfc062723c751e8b465ee728b)
Start importing Assets/Textures/Pallets/stone wall n 1.png using Guid(86530d5322d8e0d498e2ca55dc55c91a) Importer(815301076,1909f56bfc062723c751e8b465ee728b)  -> (artifact id: 'bc28a5a6299a1399c84db1a6114de63e') in 0.029073 seconds 
========================================================================
Received Import Request.
  Time since last request: 10.920552 seconds.
  path: Assets/Textures/Pallets/stone wall n.png
  artifactKey: Guid(86530d5322d8e0d498e2ca55dc55c91a) Importer(815301076,1909f56bfc062723c751e8b465ee728b)
Start importing Assets/Textures/Pallets/stone wall n.png using Guid(86530d5322d8e0d498e2ca55dc55c91a) Importer(815301076,1909f56bfc062723c751e8b465ee728b)  -> (artifact id: '308190aa8212f8990bc191c91b2bb3b7') in 0.029604 seconds 
========================================================================
Received Import Request.
  Time since last request: 10.703686 seconds.
  path: Assets/Textures/Pallets/stone wall n.png
  artifactKey: Guid(86530d5322d8e0d498e2ca55dc55c91a) Importer(815301076,1909f56bfc062723c751e8b465ee728b)
Start importing Assets/Textures/Pallets/stone wall n.png using Guid(86530d5322d8e0d498e2ca55dc55c91a) Importer(815301076,1909f56bfc062723c751e8b465ee728b)  -> (artifact id: '0615c0ca5aed8b67e0f162db65752e08') in 0.021182 seconds 
========================================================================
Received Import Request.
  Time since last request: 32.158679 seconds.
  path: Assets/Textures/Pallets/stone wall n.png
  artifactKey: Guid(86530d5322d8e0d498e2ca55dc55c91a) Importer(815301076,1909f56bfc062723c751e8b465ee728b)
Start importing Assets/Textures/Pallets/stone wall n.png using Guid(86530d5322d8e0d498e2ca55dc55c91a) Importer(815301076,1909f56bfc062723c751e8b465ee728b)  -> (artifact id: '3f6b0af116c83e491d27196c90a08328') in 0.027753 seconds 
========================================================================
Received Import Request.
  Time since last request: 3.915495 seconds.
  path: Assets/Textures/Pallets/stone wall n.png
  artifactKey: Guid(86530d5322d8e0d498e2ca55dc55c91a) Importer(815301076,1909f56bfc062723c751e8b465ee728b)
Start importing Assets/Textures/Pallets/stone wall n.png using Guid(86530d5322d8e0d498e2ca55dc55c91a) Importer(815301076,1909f56bfc062723c751e8b465ee728b)  -> (artifact id: 'f9a2d14d68e9d9e3273f3813d8ab90ba') in 0.021105 seconds 
========================================================================
Received Import Request.
  Time since last request: 3.533065 seconds.
  path: Assets/Textures/Pallets/stone wall n.png
  artifactKey: Guid(86530d5322d8e0d498e2ca55dc55c91a) Importer(815301076,1909f56bfc062723c751e8b465ee728b)
Start importing Assets/Textures/Pallets/stone wall n.png using Guid(86530d5322d8e0d498e2ca55dc55c91a) Importer(815301076,1909f56bfc062723c751e8b465ee728b)  -> (artifact id: 'fe44859a6dc8a0ac6008cfdd137bf92b') in 0.022579 seconds 
========================================================================
Received Import Request.
  Time since last request: 41.848233 seconds.
  path: Assets/Textures/Pallets/Stone Wall.mat
  artifactKey: Guid(2dfa87f1e8a0fdd4494891f07aaf341b) Importer(815301076,1909f56bfc062723c751e8b465ee728b)
Start importing Assets/Textures/Pallets/Stone Wall.mat using Guid(2dfa87f1e8a0fdd4494891f07aaf341b) Importer(815301076,1909f56bfc062723c751e8b465ee728b)  -> (artifact id: '79f5cd5a87f1d74b1866576db388579b') in 0.049262 seconds 
========================================================================
Received Import Request.
  Time since last request: 495.514152 seconds.
  path: Assets/Textures/Pallets/stone wall.png
  artifactKey: Guid(c7a9b3d7eb962f545be179943ab19851) Importer(815301076,1909f56bfc062723c751e8b465ee728b)
Start importing Assets/Textures/Pallets/stone wall.png using Guid(c7a9b3d7eb962f545be179943ab19851) Importer(815301076,1909f56bfc062723c751e8b465ee728b)  -> (artifact id: '887006a3c1031057dcac1a1c50b6fd79') in 0.018014 seconds 
========================================================================
Received Import Request.
  Time since last request: 6.138069 seconds.
  path: Assets/Textures/Pallets/stone wall.png
  artifactKey: Guid(c7a9b3d7eb962f545be179943ab19851) Importer(815301076,1909f56bfc062723c751e8b465ee728b)
Start importing Assets/Textures/Pallets/stone wall.png using Guid(c7a9b3d7eb962f545be179943ab19851) Importer(815301076,1909f56bfc062723c751e8b465ee728b)  -> (artifact id: 'd2362f8a5e917cf538c7f42b384baa43') in 0.046043 seconds 
========================================================================
Received Import Request.
  Time since last request: 5.280801 seconds.
  path: Assets/Textures/Pallets/stone wall.png
  artifactKey: Guid(c7a9b3d7eb962f545be179943ab19851) Importer(815301076,1909f56bfc062723c751e8b465ee728b)
Start importing Assets/Textures/Pallets/stone wall.png using Guid(c7a9b3d7eb962f545be179943ab19851) Importer(815301076,1909f56bfc062723c751e8b465ee728b)  -> (artifact id: '2bd18d762f5179160f5f403256adb543') in 0.011786 seconds 
========================================================================
Received Import Request.
  Time since last request: 24.468963 seconds.
  path: Assets/Textures/Pallets/stone wall.png
  artifactKey: Guid(c7a9b3d7eb962f545be179943ab19851) Importer(815301076,1909f56bfc062723c751e8b465ee728b)
Start importing Assets/Textures/Pallets/stone wall.png using Guid(c7a9b3d7eb962f545be179943ab19851) Importer(815301076,1909f56bfc062723c751e8b465ee728b)  -> (artifact id: '1f9c54e3fef80e35998a82c8d695a15a') in 0.073281 seconds 
========================================================================
Received Import Request.
  Time since last request: 26.291298 seconds.
  path: Assets/Textures/Pallets/Stone.asset
  artifactKey: Guid(f7e139a283d5064438f43a19fc4f44ca) Importer(815301076,1909f56bfc062723c751e8b465ee728b)
Start importing Assets/Textures/Pallets/Stone.asset using Guid(f7e139a283d5064438f43a19fc4f44ca) Importer(815301076,1909f56bfc062723c751e8b465ee728b)  -> (artifact id: '6a724b025e42d5026c45b87ddcea8a45') in 0.057344 seconds 
========================================================================
Received Import Request.
  Time since last request: 51.970998 seconds.
  path: Assets/Textures/Pallets/stone wall.png
  artifactKey: Guid(c7a9b3d7eb962f545be179943ab19851) Importer(815301076,1909f56bfc062723c751e8b465ee728b)
Start importing Assets/Textures/Pallets/stone wall.png using Guid(c7a9b3d7eb962f545be179943ab19851) Importer(815301076,1909f56bfc062723c751e8b465ee728b)  -> (artifact id: 'f2ea8f059c190d96cdd9bd4aead5641c') in 0.077918 seconds 
========================================================================
Received Import Request.
  Time since last request: 10.794766 seconds.
  path: Assets/Textures/Pallets/stone wall.png
  artifactKey: Guid(c7a9b3d7eb962f545be179943ab19851) Importer(815301076,1909f56bfc062723c751e8b465ee728b)
Start importing Assets/Textures/Pallets/stone wall.png using Guid(c7a9b3d7eb962f545be179943ab19851) Importer(815301076,1909f56bfc062723c751e8b465ee728b)  -> (artifact id: 'fb68a2c3ae2d0d6aef0cf8087a32938e') in 0.134339 seconds 
========================================================================
Received Import Request.
  Time since last request: 323.397527 seconds.
  path: Assets/Textures/Pallets/Background.prefab
  artifactKey: Guid(d2cbb2102a0612a4dbea91577d6474f9) Importer(815301076,1909f56bfc062723c751e8b465ee728b)
Start importing Assets/Textures/Pallets/Background.prefab using Guid(d2cbb2102a0612a4dbea91577d6474f9) Importer(815301076,1909f56bfc062723c751e8b465ee728b)  -> (artifact id: '257cd3d1e59592c3f4e963bb53ca99a6') in 0.012459 seconds 
========================================================================
Received Import Request.
  Time since last request: 0.000389 seconds.
  path: Assets/Textures/Pallets/Stone Wall.mat
  artifactKey: Guid(2dfa87f1e8a0fdd4494891f07aaf341b) Importer(815301076,1909f56bfc062723c751e8b465ee728b)
Start importing Assets/Textures/Pallets/Stone Wall.mat using Guid(2dfa87f1e8a0fdd4494891f07aaf341b) Importer(815301076,1909f56bfc062723c751e8b465ee728b)  -> (artifact id: '13344d51f7687cb97ce066baba1c8de8') in 0.247800 seconds 
========================================================================
Received Import Request.
  Time since last request: 29.233972 seconds.
  path: Assets/Textures/Pallets/Background.prefab
  artifactKey: Guid(d2cbb2102a0612a4dbea91577d6474f9) Importer(815301076,1909f56bfc062723c751e8b465ee728b)
Start importing Assets/Textures/Pallets/Background.prefab using Guid(d2cbb2102a0612a4dbea91577d6474f9) Importer(815301076,1909f56bfc062723c751e8b465ee728b)  -> (artifact id: 'ca74fe184b8517ed73630631c139cf3b') in 0.168686 seconds 
========================================================================
Received Import Request.
  Time since last request: 43.151940 seconds.
  path: Assets/Textures/Pallets/Background.prefab
  artifactKey: Guid(d2cbb2102a0612a4dbea91577d6474f9) Importer(815301076,1909f56bfc062723c751e8b465ee728b)
Start importing Assets/Textures/Pallets/Background.prefab using Guid(d2cbb2102a0612a4dbea91577d6474f9) Importer(815301076,1909f56bfc062723c751e8b465ee728b)  -> (artifact id: '724c2ea88d27f06b2dff510469c2a2b4') in 0.129419 seconds 
========================================================================
Received Import Request.
  Time since last request: 320.194725 seconds.
  path: Assets/Textures/Pallets/Background.prefab
  artifactKey: Guid(d2cbb2102a0612a4dbea91577d6474f9) Importer(815301076,1909f56bfc062723c751e8b465ee728b)
Start importing Assets/Textures/Pallets/Background.prefab using Guid(d2cbb2102a0612a4dbea91577d6474f9) Importer(815301076,1909f56bfc062723c751e8b465ee728b)  -> (artifact id: 'ba4748ea4a8f7d3d1859f9ce7796ab5f') in 0.006177 seconds 
========================================================================
Received Import Request.
  Time since last request: 0.000476 seconds.
  path: Assets/Textures/Pallets/Shadow.prefab
  artifactKey: Guid(ec5f91bd42983cf4787786dfd7558c70) Importer(815301076,1909f56bfc062723c751e8b465ee728b)
Start importing Assets/Textures/Pallets/Shadow.prefab using Guid(ec5f91bd42983cf4787786dfd7558c70) Importer(815301076,1909f56bfc062723c751e8b465ee728b)  -> (artifact id: '121419eebd244ccc284f5f4699d97d61') in 0.005840 seconds 
========================================================================
Received Import Request.
  Time since last request: 16.127907 seconds.
  path: Assets/Textures/Pallets/stone wall.png
  artifactKey: Guid(c7a9b3d7eb962f545be179943ab19851) Importer(815301076,1909f56bfc062723c751e8b465ee728b)
Start importing Assets/Textures/Pallets/stone wall.png using Guid(c7a9b3d7eb962f545be179943ab19851) Importer(815301076,1909f56bfc062723c751e8b465ee728b)  -> (artifact id: 'c17764db65a907b5184bacf26c11af26') in 0.512409 seconds 
========================================================================
Received Import Request.
  Time since last request: 0.000304 seconds.
  path: Assets/Textures/Pallets/Background.prefab
  artifactKey: Guid(d2cbb2102a0612a4dbea91577d6474f9) Importer(815301076,1909f56bfc062723c751e8b465ee728b)
Start importing Assets/Textures/Pallets/Background.prefab using Guid(d2cbb2102a0612a4dbea91577d6474f9) Importer(815301076,1909f56bfc062723c751e8b465ee728b)  -> (artifact id: 'afc6293f4aa05064e6b0597828a1cb91') in 0.006815 seconds 
========================================================================
Received Import Request.
  Time since last request: 222.351641 seconds.
  path: Assets/Textures/Pallets/stone wall.png
  artifactKey: Guid(c7a9b3d7eb962f545be179943ab19851) Importer(815301076,1909f56bfc062723c751e8b465ee728b)
Start importing Assets/Textures/Pallets/stone wall.png using Guid(c7a9b3d7eb962f545be179943ab19851) Importer(815301076,1909f56bfc062723c751e8b465ee728b)  -> (artifact id: '5652373cdaa0c1a266b04896fb62c1bc') in 0.012788 seconds 
========================================================================
Received Import Request.
  Time since last request: 168.355373 seconds.
  path: Assets/Textures/Pallets/stone wall.png
  artifactKey: Guid(c7a9b3d7eb962f545be179943ab19851) Importer(815301076,1909f56bfc062723c751e8b465ee728b)
Start importing Assets/Textures/Pallets/stone wall.png using Guid(c7a9b3d7eb962f545be179943ab19851) Importer(815301076,1909f56bfc062723c751e8b465ee728b)  -> (artifact id: '486466f092898090d725db61d1fd35fb') in 1.112208 seconds 
========================================================================
Received Import Request.
  Time since last request: 0.000385 seconds.
  path: Assets/Textures/Pallets/Background.prefab
  artifactKey: Guid(d2cbb2102a0612a4dbea91577d6474f9) Importer(815301076,1909f56bfc062723c751e8b465ee728b)
Start importing Assets/Textures/Pallets/Background.prefab using Guid(d2cbb2102a0612a4dbea91577d6474f9) Importer(815301076,1909f56bfc062723c751e8b465ee728b)  -> (artifact id: 'ae6bc4ad62109315e30f401c54395e40') in 0.005815 seconds 
========================================================================
Received Import Request.
  Time since last request: 20.542470 seconds.
  path: Assets/Textures/Pallets/stone wall.png
  artifactKey: Guid(c7a9b3d7eb962f545be179943ab19851) Importer(815301076,1909f56bfc062723c751e8b465ee728b)
Start importing Assets/Textures/Pallets/stone wall.png using Guid(c7a9b3d7eb962f545be179943ab19851) Importer(815301076,1909f56bfc062723c751e8b465ee728b)  -> (artifact id: 'b810ce1173383a492a90ac7f0a1476cf') in 0.334951 seconds 
========================================================================
Received Import Request.
  Time since last request: 12.021821 seconds.
  path: Assets/Textures/Pallets/Background.prefab
  artifactKey: Guid(d2cbb2102a0612a4dbea91577d6474f9) Importer(815301076,1909f56bfc062723c751e8b465ee728b)
Start importing Assets/Textures/Pallets/Background.prefab using Guid(d2cbb2102a0612a4dbea91577d6474f9) Importer(815301076,1909f56bfc062723c751e8b465ee728b)  -> (artifact id: '9bb56a98159701de73b322143f47b16a') in 0.128767 seconds 
========================================================================
Received Import Request.
  Time since last request: 35.573576 seconds.
  path: Assets/Textures/Pallets/stone wall.png
  artifactKey: Guid(c7a9b3d7eb962f545be179943ab19851) Importer(815301076,1909f56bfc062723c751e8b465ee728b)
Start importing Assets/Textures/Pallets/stone wall.png using Guid(c7a9b3d7eb962f545be179943ab19851) Importer(815301076,1909f56bfc062723c751e8b465ee728b)  -> (artifact id: '1eeb2d99fe44eaeda24dec857891e571') in 0.135640 seconds 
